2020-01-17 10:12:58.605  INFO 15424 --- [main] com.example.demo.EcommerceApplication    : Starting EcommerceApplication on USAUSJAHOPPER1 with PID 15424 (started by jahopper in C:\Users\jahopper\Documents\udacity-ecommerce-product\JDND\projects\P04-eCommerce Application\starter_code)
2020-01-17 10:12:58.627  INFO 15424 --- [main] com.example.demo.EcommerceApplication    : No active profile set, falling back to default profiles: default
2020-01-17 10:13:01.034  INFO 15424 --- [main] .s.d.r.c.RepositoryConfigurationDelegate : Bootstrapping Spring Data repositories in DEFAULT mode.
2020-01-17 10:13:01.383  INFO 15424 --- [main] .s.d.r.c.RepositoryConfigurationDelegate : Finished Spring Data repository scanning in 307ms. Found 4 repository interfaces.
2020-01-17 10:13:03.538  INFO 15424 --- [main] trationDelegate$BeanPostProcessorChecker : Bean 'org.springframework.transaction.annotation.ProxyTransactionManagementConfiguration' of type [org.springframework.transaction.annotation.ProxyTransactionManagementConfiguration$$EnhancerBySpringCGLIB$$9ce129d3] is not eligible for getting processed by all BeanPostProcessors (for example: not eligible for auto-proxying)
2020-01-17 10:13:05.585  INFO 15424 --- [main] o.s.b.w.embedded.tomcat.TomcatWebServer  : Tomcat initialized with port(s): 8080 (http)
2020-01-17 10:13:05.688  INFO 15424 --- [main] o.apache.catalina.core.StandardService   : Starting service [Tomcat]
2020-01-17 10:13:05.689  INFO 15424 --- [main] org.apache.catalina.core.StandardEngine  : Starting Servlet engine: [Apache Tomcat/9.0.19]
2020-01-17 10:13:06.429  INFO 15424 --- [main] o.a.c.c.C.[Tomcat].[localhost].[/]       : Initializing Spring embedded WebApplicationContext
2020-01-17 10:13:06.430  INFO 15424 --- [main] o.s.web.context.ContextLoader            : Root WebApplicationContext: initialization completed in 7592 ms
2020-01-17 10:13:07.114  INFO 15424 --- [main] com.zaxxer.hikari.HikariDataSource       : HikariPool-1 - Starting...
2020-01-17 10:13:07.637  INFO 15424 --- [main] com.zaxxer.hikari.HikariDataSource       : HikariPool-1 - Start completed.
2020-01-17 10:13:08.076  INFO 15424 --- [main] o.hibernate.jpa.internal.util.LogHelper  : HHH000204: Processing PersistenceUnitInfo [
	name: default
	...]
2020-01-17 10:13:08.325  INFO 15424 --- [main] org.hibernate.Version                    : HHH000412: Hibernate Core {5.3.10.Final}
2020-01-17 10:13:08.333  INFO 15424 --- [main] org.hibernate.cfg.Environment            : HHH000206: hibernate.properties not found
2020-01-17 10:13:08.880  INFO 15424 --- [main] o.hibernate.annotations.common.Version   : HCANN000001: Hibernate Commons Annotations {5.0.4.Final}
2020-01-17 10:13:09.467  INFO 15424 --- [main] org.hibernate.dialect.Dialect            : HHH000400: Using dialect: org.hibernate.dialect.H2Dialect
2020-01-17 10:13:11.938  INFO 15424 --- [main] j.LocalContainerEntityManagerFactoryBean : Initialized JPA EntityManagerFactory for persistence unit 'default'
2020-01-17 10:13:14.979  WARN 15424 --- [main] aWebConfiguration$JpaWebMvcConfiguration : spring.jpa.open-in-view is enabled by default. Therefore, database queries may be performed during view rendering. Explicitly configure spring.jpa.open-in-view to disable this warning
2020-01-17 10:13:15.440  INFO 15424 --- [main] o.s.s.web.DefaultSecurityFilterChain     : Creating filter chain: any request, [org.springframework.security.web.context.request.async.WebAsyncManagerIntegrationFilter@7676b2b9, org.springframework.security.web.context.SecurityContextPersistenceFilter@7db2b614, org.springframework.security.web.header.HeaderWriterFilter@629de8, org.springframework.web.filter.CorsFilter@720c0996, org.springframework.security.web.authentication.logout.LogoutFilter@2ea4e762, com.example.demo.security.JWTAuthenticationFilter@7910e307, com.example.demo.security.JWTAuthenticationVerificationFilter@460aa24e, org.springframework.security.web.savedrequest.RequestCacheAwareFilter@2c1a95a2, org.springframework.security.web.servletapi.SecurityContextHolderAwareRequestFilter@5a07ae2f, org.springframework.security.web.authentication.AnonymousAuthenticationFilter@5aa334c, org.springframework.security.web.session.SessionManagementFilter@1b6683c4, org.springframework.security.web.access.ExceptionTranslationFilter@41463c56, org.springframework.security.web.access.intercept.FilterSecurityInterceptor@36d5c2ce]
2020-01-17 10:13:16.070  INFO 15424 --- [main] o.s.s.concurrent.ThreadPoolTaskExecutor  : Initializing ExecutorService 'applicationTaskExecutor'
2020-01-17 10:13:17.040  INFO 15424 --- [main] o.s.b.w.embedded.tomcat.TomcatWebServer  : Tomcat started on port(s): 8080 (http) with context path ''
2020-01-17 10:13:17.050  INFO 15424 --- [main] com.example.demo.EcommerceApplication    : Started EcommerceApplication in 19.953 seconds (JVM running for 21.921)
2020-01-17 11:55:57.745  INFO 4332 --- [main] com.example.demo.EcommerceApplication    : Starting EcommerceApplication on USAUSJAHOPPER1 with PID 4332 (started by jahopper in C:\Users\jahopper\Documents\udacity-ecommerce-product\JDND\projects\P04-eCommerce Application\starter_code)
2020-01-17 11:55:57.754  INFO 4332 --- [main] com.example.demo.EcommerceApplication    : No active profile set, falling back to default profiles: default
2020-01-17 11:56:00.996  INFO 4332 --- [main] .s.d.r.c.RepositoryConfigurationDelegate : Bootstrapping Spring Data repositories in DEFAULT mode.
2020-01-17 11:56:01.270  INFO 4332 --- [main] .s.d.r.c.RepositoryConfigurationDelegate : Finished Spring Data repository scanning in 241ms. Found 4 repository interfaces.
2020-01-17 11:56:02.975  INFO 4332 --- [main] trationDelegate$BeanPostProcessorChecker : Bean 'org.springframework.transaction.annotation.ProxyTransactionManagementConfiguration' of type [org.springframework.transaction.annotation.ProxyTransactionManagementConfiguration$$EnhancerBySpringCGLIB$$81f7e25a] is not eligible for getting processed by all BeanPostProcessors (for example: not eligible for auto-proxying)
2020-01-17 11:56:04.718  INFO 4332 --- [main] o.s.b.w.embedded.tomcat.TomcatWebServer  : Tomcat initialized with port(s): 8080 (http)
2020-01-17 11:56:04.817  INFO 4332 --- [main] o.apache.catalina.core.StandardService   : Starting service [Tomcat]
2020-01-17 11:56:04.819  INFO 4332 --- [main] org.apache.catalina.core.StandardEngine  : Starting Servlet engine: [Apache Tomcat/9.0.19]
2020-01-17 11:56:05.482  INFO 4332 --- [main] o.a.c.c.C.[Tomcat].[localhost].[/]       : Initializing Spring embedded WebApplicationContext
2020-01-17 11:56:05.483  INFO 4332 --- [main] o.s.web.context.ContextLoader            : Root WebApplicationContext: initialization completed in 7422 ms
2020-01-17 11:56:06.022  INFO 4332 --- [main] com.zaxxer.hikari.HikariDataSource       : HikariPool-1 - Starting...
2020-01-17 11:56:06.552  INFO 4332 --- [main] com.zaxxer.hikari.HikariDataSource       : HikariPool-1 - Start completed.
2020-01-17 11:56:06.714  INFO 4332 --- [main] o.hibernate.jpa.internal.util.LogHelper  : HHH000204: Processing PersistenceUnitInfo [
	name: default
	...]
2020-01-17 11:56:06.952  INFO 4332 --- [main] org.hibernate.Version                    : HHH000412: Hibernate Core {5.3.10.Final}
2020-01-17 11:56:06.958  INFO 4332 --- [main] org.hibernate.cfg.Environment            : HHH000206: hibernate.properties not found
2020-01-17 11:56:07.459  INFO 4332 --- [main] o.hibernate.annotations.common.Version   : HCANN000001: Hibernate Commons Annotations {5.0.4.Final}
2020-01-17 11:56:07.945  INFO 4332 --- [main] org.hibernate.dialect.Dialect            : HHH000400: Using dialect: org.hibernate.dialect.H2Dialect
2020-01-17 11:56:09.786  INFO 4332 --- [main] j.LocalContainerEntityManagerFactoryBean : Initialized JPA EntityManagerFactory for persistence unit 'default'
2020-01-17 11:56:12.186  WARN 4332 --- [main] aWebConfiguration$JpaWebMvcConfiguration : spring.jpa.open-in-view is enabled by default. Therefore, database queries may be performed during view rendering. Explicitly configure spring.jpa.open-in-view to disable this warning
2020-01-17 11:56:12.483  INFO 4332 --- [main] o.s.s.web.DefaultSecurityFilterChain     : Creating filter chain: any request, [org.springframework.security.web.context.request.async.WebAsyncManagerIntegrationFilter@32e5fb4c, org.springframework.security.web.context.SecurityContextPersistenceFilter@78829412, org.springframework.security.web.header.HeaderWriterFilter@544e6b, org.springframework.web.filter.CorsFilter@11a7840f, org.springframework.security.web.authentication.logout.LogoutFilter@2ba08f26, com.example.demo.security.JWTAuthenticationFilter@1d3e5a05, com.example.demo.security.JWTAuthenticationVerificationFilter@4f5c757c, org.springframework.security.web.savedrequest.RequestCacheAwareFilter@6d0bcf8c, org.springframework.security.web.servletapi.SecurityContextHolderAwareRequestFilter@21dd9203, org.springframework.security.web.authentication.AnonymousAuthenticationFilter@52fec840, org.springframework.security.web.session.SessionManagementFilter@65a66a75, org.springframework.security.web.access.ExceptionTranslationFilter@1be4a7e3, org.springframework.security.web.access.intercept.FilterSecurityInterceptor@7676b2b9]
2020-01-17 11:56:12.957  INFO 4332 --- [main] o.s.s.concurrent.ThreadPoolTaskExecutor  : Initializing ExecutorService 'applicationTaskExecutor'
2020-01-17 11:56:13.587  INFO 4332 --- [main] o.s.b.w.embedded.tomcat.TomcatWebServer  : Tomcat started on port(s): 8080 (http) with context path ''
2020-01-17 11:56:13.598  INFO 4332 --- [main] com.example.demo.EcommerceApplication    : Started EcommerceApplication in 17.394 seconds (JVM running for 19.309)
2020-01-17 11:59:21.313  INFO 4332 --- [http-nio-8080-exec-2] o.a.c.c.C.[Tomcat].[localhost].[/]       : Initializing Spring DispatcherServlet 'dispatcherServlet'
2020-01-17 11:59:21.316  INFO 4332 --- [http-nio-8080-exec-2] o.s.web.servlet.DispatcherServlet        : Initializing Servlet 'dispatcherServlet'
2020-01-17 11:59:21.341  INFO 4332 --- [http-nio-8080-exec-2] o.s.web.servlet.DispatcherServlet        : Completed initialization in 24 ms
2020-01-17 12:02:06.132  INFO 4332 --- [http-nio-8080-exec-8] c.e.demo.controllers.UserController      : Create user method invoked.
2020-01-17 12:02:06.134  INFO 4332 --- [http-nio-8080-exec-8] c.e.demo.controllers.UserController      : Username set to Jim
